<?xml version="1.0" encoding="UTF-8"?>
<!-- Generated by org.testng.reporters.JUnitXMLReporter -->
<testsuite ignored="2" hostname="DESKTOP-LOJOMDE" failures="2" tests="2" name="Lead" time="0.134" errors="0" timestamp="2025-05-11T10:24:32 IST">
  <testcase classname="com.smweb.vtiget.testScript.LeadsAutomationScript" name="vt002createLeadCancel" time="0.016">
    <failure type="java.lang.NullPointerException" message="Cannot invoke &amp;quot;com.sm.vtiger.utils.WebUtil.openURL(String)&amp;quot; because &amp;quot;this.wu&amp;quot; is null">
      <![CDATA[java.lang.NullPointerException: Cannot invoke "com.sm.vtiger.utils.WebUtil.openURL(String)" because "this.wu" is null
at com.smweb.vtiget.testScript.LeadsAutomationScript.vt002createLeadCancel(LeadsAutomationScript.java:89)
at java.base/java.util.ArrayList.forEach(ArrayList.java:1511)
... Removed 27 stack frames]]>
    </failure>
  </testcase> <!-- vt002createLeadCancel -->
  <testcase classname="com.smweb.vtiget.testScript.LeadsAutomationScript" name="vt001createLeadWithRequriedFild" time="0.007">
    <failure type="java.lang.NullPointerException" message="Cannot invoke &amp;quot;com.sm.vtiger.utils.WebUtil.openURL(String)&amp;quot; because &amp;quot;this.wu&amp;quot; is null">
      <![CDATA[java.lang.NullPointerException: Cannot invoke "com.sm.vtiger.utils.WebUtil.openURL(String)" because "this.wu" is null
at com.smweb.vtiget.testScript.LeadsAutomationScript.vt001createLeadWithRequriedFild(LeadsAutomationScript.java:67)
at java.base/java.util.ArrayList.forEach(ArrayList.java:1511)
... Removed 27 stack frames]]>
    </failure>
  </testcase> <!-- vt001createLeadWithRequriedFild -->
  <testcase classname="com.smweb.vtiget.testScript.LeadsAutomationScript" name="vt003creatLeadWithoutRequredFild" time="0.0">
    <ignored/>
  </testcase> <!-- vt003creatLeadWithoutRequredFild -->
  <testcase classname="com.smweb.vtiget.testScript.LeadsAutomationScript" name="vt004testLeadCreateWithAllFilds" time="0.0">
    <ignored/>
  </testcase> <!-- vt004testLeadCreateWithAllFilds -->
</testsuite> <!-- Lead -->
