<?xml version="1.0" encoding="UTF-8"?>
<!-- Generated by org.testng.reporters.JUnitXMLReporter -->
<testsuite ignored="0" hostname="DESKTOP-LOJOMDE" failures="0" tests="9" name="Excution_Chrome" time="0.582" errors="0" timestamp="2025-05-11T17:22:40 IST">
  <testcase classname="testxml.ClassB" name="@BeforeMethod beforeTestcase" time="0.021">
    <failure type="java.lang.Error" message="Unresolved compilation problem: 
	Syntax error on token &amp;quot;}&amp;quot;, delete this token
">
      <![CDATA[java.lang.Error: Unresolved compilation problem: 
Syntax error on token "}", delete this token

at testxml.CommanClass.<init>(CommanClass.java:27)
at testxml.ClassB.beforeTestcase(ClassB.java:17)
at java.base/java.util.ArrayList.forEach(ArrayList.java:1511)
at java.base/java.util.concurrent.FutureTask.run(FutureTask.java:264)
at java.base/java.util.concurrent.ThreadPoolExecutor.runWorker(ThreadPoolExecutor.java:1136)
at java.base/java.util.concurrent.ThreadPoolExecutor$Worker.run(ThreadPoolExecutor.java:635)
at java.base/java.lang.Thread.run(Thread.java:840)
... Removed 21 stack frames]]>
    </failure>
  </testcase> <!-- @BeforeMethod beforeTestcase -->
  <testcase classname="testxml.ClassA" name="@BeforeMethod beforeTestcase" time="0.018">
    <failure type="java.lang.Error" message="Unresolved compilation problem: 
	Syntax error on token &amp;quot;}&amp;quot;, delete this token
">
      <![CDATA[java.lang.Error: Unresolved compilation problem: 
Syntax error on token "}", delete this token

at testxml.CommanClass.<init>(CommanClass.java:27)
at testxml.ClassA.beforeTestcase(ClassA.java:13)
at java.base/java.util.ArrayList.forEach(ArrayList.java:1511)
at java.base/java.util.concurrent.FutureTask.run(FutureTask.java:264)
at java.base/java.util.concurrent.ThreadPoolExecutor.runWorker(ThreadPoolExecutor.java:1136)
at java.base/java.util.concurrent.ThreadPoolExecutor$Worker.run(ThreadPoolExecutor.java:635)
at java.base/java.lang.Thread.run(Thread.java:840)
... Removed 21 stack frames]]>
    </failure>
  </testcase> <!-- @BeforeMethod beforeTestcase -->
  <testcase classname="testxml.ClassA" name="@AfterMethod tearDown" time="0.0">
    <skipped/>
  </testcase> <!-- @AfterMethod tearDown -->
  <testcase classname="testxml.ClassA" name="@BeforeMethod beforeTestcase" time="0.0">
    <skipped/>
  </testcase> <!-- @BeforeMethod beforeTestcase -->
  <testcase classname="testxml.ClassA" name="@AfterMethod tearDown" time="0.0">
    <skipped/>
  </testcase> <!-- @AfterMethod tearDown -->
  <testcase classname="testxml.ClassB" name="@BeforeMethod beforeTestcase" time="0.0">
    <skipped/>
  </testcase> <!-- @BeforeMethod beforeTestcase -->
  <testcase classname="testxml.ClassB" name="@BeforeMethod beforeTestcase" time="0.0">
    <skipped/>
  </testcase> <!-- @BeforeMethod beforeTestcase -->
  <testcase classname="testxml.ClassC" name="@BeforeMethod beforerTestCase" time="0.001">
    <failure type="java.lang.Error" message="Unresolved compilation problem: 
	Syntax error on token &amp;quot;}&amp;quot;, delete this token
">
      <![CDATA[java.lang.Error: Unresolved compilation problem: 
Syntax error on token "}", delete this token

at testxml.CommanClass.<init>(CommanClass.java:27)
at testxml.ClassC.beforerTestCase(ClassC.java:11)
at java.base/java.util.ArrayList.forEach(ArrayList.java:1511)
at java.base/java.util.concurrent.FutureTask.run(FutureTask.java:264)
at java.base/java.util.concurrent.ThreadPoolExecutor.runWorker(ThreadPoolExecutor.java:1136)
at java.base/java.util.concurrent.ThreadPoolExecutor$Worker.run(ThreadPoolExecutor.java:635)
at java.base/java.lang.Thread.run(Thread.java:840)
... Removed 21 stack frames]]>
    </failure>
  </testcase> <!-- @BeforeMethod beforerTestCase -->
  <testcase classname="testxml.ClassC" name="@BeforeMethod beforerTestCase" time="0.0">
    <skipped/>
  </testcase> <!-- @BeforeMethod beforerTestCase -->
  <testcase classname="testxml.ClassA" name="@BeforeMethod beforeTestcase" time="0.0">
    <skipped/>
  </testcase> <!-- @BeforeMethod beforeTestcase -->
  <testcase classname="testxml.ClassA" name="@AfterMethod tearDown" time="0.0">
    <skipped/>
  </testcase> <!-- @AfterMethod tearDown -->
  <testcase classname="testxml.ClassA" name="@BeforeMethod beforeTestcase" time="0.0">
    <skipped/>
  </testcase> <!-- @BeforeMethod beforeTestcase -->
  <testcase classname="testxml.ClassA" name="@AfterMethod tearDown" time="0.0">
    <skipped/>
  </testcase> <!-- @AfterMethod tearDown -->
  <testcase classname="testxml.ClassB" name="@BeforeMethod beforeTestcase" time="0.006">
    <failure type="java.lang.Error" message="Unresolved compilation problem: 
	Syntax error on token &amp;quot;}&amp;quot;, delete this token
">
      <![CDATA[java.lang.Error: Unresolved compilation problem: 
Syntax error on token "}", delete this token

at testxml.CommanClass.<init>(CommanClass.java:27)
at testxml.ClassB.beforeTestcase(ClassB.java:17)
at java.base/java.util.ArrayList.forEach(ArrayList.java:1511)
at java.base/java.util.concurrent.FutureTask.run(FutureTask.java:264)
at java.base/java.util.concurrent.ThreadPoolExecutor.runWorker(ThreadPoolExecutor.java:1136)
at java.base/java.util.concurrent.ThreadPoolExecutor$Worker.run(ThreadPoolExecutor.java:635)
at java.base/java.lang.Thread.run(Thread.java:840)
... Removed 21 stack frames]]>
    </failure>
  </testcase> <!-- @BeforeMethod beforeTestcase -->
  <testcase classname="testxml.ClassB" name="@BeforeMethod beforeTestcase" time="0.0">
    <skipped/>
  </testcase> <!-- @BeforeMethod beforeTestcase -->
  <testcase classname="testxml.ClassB" name="@BeforeMethod beforeTestcase" time="0.0">
    <skipped/>
  </testcase> <!-- @BeforeMethod beforeTestcase -->
  <testcase classname="testxml.ClassA" name="@BeforeMethod beforeTestcase" time="0.003">
    <failure type="java.lang.Error" message="Unresolved compilation problem: 
	Syntax error on token &amp;quot;}&amp;quot;, delete this token
">
      <![CDATA[java.lang.Error: Unresolved compilation problem: 
Syntax error on token "}", delete this token

at testxml.CommanClass.<init>(CommanClass.java:27)
at testxml.ClassA.beforeTestcase(ClassA.java:13)
at java.base/java.util.ArrayList.forEach(ArrayList.java:1511)
at java.base/java.util.concurrent.FutureTask.run(FutureTask.java:264)
at java.base/java.util.concurrent.ThreadPoolExecutor.runWorker(ThreadPoolExecutor.java:1136)
at java.base/java.util.concurrent.ThreadPoolExecutor$Worker.run(ThreadPoolExecutor.java:635)
at java.base/java.lang.Thread.run(Thread.java:840)
... Removed 21 stack frames]]>
    </failure>
  </testcase> <!-- @BeforeMethod beforeTestcase -->
  <testcase classname="testxml.ClassA" name="@AfterMethod tearDown" time="0.0">
    <skipped/>
  </testcase> <!-- @AfterMethod tearDown -->
  <testcase classname="testxml.ClassA" name="@BeforeMethod beforeTestcase" time="0.0">
    <skipped/>
  </testcase> <!-- @BeforeMethod beforeTestcase -->
  <testcase classname="testxml.ClassA" name="@AfterMethod tearDown" time="0.0">
    <skipped/>
  </testcase> <!-- @AfterMethod tearDown -->
  <testcase classname="testxml.ClassA" name="@BeforeMethod beforeTestcase" time="0.0">
    <skipped/>
  </testcase> <!-- @BeforeMethod beforeTestcase -->
  <testcase classname="testxml.ClassA" name="@AfterMethod tearDown" time="0.0">
    <skipped/>
  </testcase> <!-- @AfterMethod tearDown -->
  <testcase classname="testxml.ClassA" name="@BeforeMethod beforeTestcase" time="0.0">
    <skipped/>
  </testcase> <!-- @BeforeMethod beforeTestcase -->
  <testcase classname="testxml.ClassA" name="@AfterMethod tearDown" time="0.0">
    <skipped/>
  </testcase> <!-- @AfterMethod tearDown -->
  <testcase classname="testxml.ClassC" name="@BeforeMethod beforerTestCase" time="0.001">
    <failure type="java.lang.Error" message="Unresolved compilation problem: 
	Syntax error on token &amp;quot;}&amp;quot;, delete this token
">
      <![CDATA[java.lang.Error: Unresolved compilation problem: 
Syntax error on token "}", delete this token

at testxml.CommanClass.<init>(CommanClass.java:27)
at testxml.ClassC.beforerTestCase(ClassC.java:11)
at java.base/java.util.ArrayList.forEach(ArrayList.java:1511)
at java.base/java.util.concurrent.FutureTask.run(FutureTask.java:264)
at java.base/java.util.concurrent.ThreadPoolExecutor.runWorker(ThreadPoolExecutor.java:1136)
at java.base/java.util.concurrent.ThreadPoolExecutor$Worker.run(ThreadPoolExecutor.java:635)
at java.base/java.lang.Thread.run(Thread.java:840)
... Removed 21 stack frames]]>
    </failure>
  </testcase> <!-- @BeforeMethod beforerTestCase -->
  <testcase classname="testxml.ClassC" name="@BeforeMethod beforerTestCase" time="0.0">
    <skipped/>
  </testcase> <!-- @BeforeMethod beforerTestCase -->
  <testcase classname="testxml.ClassA" name="tc01" time="0.0">
    <skipped/>
  </testcase> <!-- tc01 -->
  <testcase classname="testxml.ClassA" name="tc02" time="0.002">
    <skipped/>
  </testcase> <!-- tc02 -->
  <testcase classname="testxml.ClassA" name="tc03" time="0.001">
    <skipped/>
  </testcase> <!-- tc03 -->
  <testcase classname="testxml.ClassA" name="tc04" time="0.0">
    <skipped/>
  </testcase> <!-- tc04 -->
  <testcase classname="testxml.ClassB" name="tc05" time="0.001">
    <skipped/>
  </testcase> <!-- tc05 -->
  <testcase classname="testxml.ClassB" name="tc06" time="0.0">
    <skipped/>
  </testcase> <!-- tc06 -->
  <testcase classname="testxml.ClassB" name="tc07" time="0.001">
    <skipped/>
  </testcase> <!-- tc07 -->
  <testcase classname="testxml.ClassC" name="tc08" time="0.001">
    <skipped/>
  </testcase> <!-- tc08 -->
  <testcase classname="testxml.ClassC" name="tc09" time="0.0">
    <skipped/>
  </testcase> <!-- tc09 -->
</testsuite> <!-- Excution_Chrome -->
