<?xml version="1.0" encoding="UTF-8"?>
<!-- Generated by org.testng.reporters.JUnitXMLReporter -->
<testsuite ignored="0" hostname="DESKTOP-LOJOMDE" failures="0" tests="9" name="Excution_firefox" time="0.594" errors="0" timestamp="2025-05-11T17:22:40 IST">
  <testcase classname="testxml.ClassC" name="tc08" time="0.0">
    <skipped/>
  </testcase> <!-- tc08 -->
  <testcase classname="testxml.ClassC" name="tc09" time="0.0">
    <skipped/>
  </testcase> <!-- tc09 -->
  <testcase classname="testxml.ClassB" name="tc05" time="0.0">
    <skipped/>
  </testcase> <!-- tc05 -->
  <testcase classname="testxml.ClassB" name="tc06" time="0.001">
    <skipped/>
  </testcase> <!-- tc06 -->
  <testcase classname="testxml.ClassB" name="tc07" time="0.0">
    <skipped/>
  </testcase> <!-- tc07 -->
  <testcase classname="testxml.ClassA" name="tc01" time="0.0">
    <skipped/>
  </testcase> <!-- tc01 -->
  <testcase classname="testxml.ClassA" name="tc02" time="0.0">
    <skipped/>
  </testcase> <!-- tc02 -->
  <testcase classname="testxml.ClassA" name="tc03" time="0.0">
    <skipped/>
  </testcase> <!-- tc03 -->
  <testcase classname="testxml.ClassA" name="tc04" time="0.0">
    <skipped/>
  </testcase> <!-- tc04 -->
</testsuite> <!-- Excution_firefox -->
