<?xml version="1.0" encoding="UTF-8"?>
<!-- Generated by org.testng.reporters.JUnitXMLReporter -->
<testsuite ignored="0" hostname="DESKTOP-LOJOMDE" failures="0" tests="7" name="Execution_Edge" time="108.508" errors="0" timestamp="2025-05-11T17:28:16 IST">
  <testcase classname="testxml.ClassB" name="tc05" time="0.012"/>
  <testcase classname="testxml.ClassB" name="tc06" time="0.003"/>
  <testcase classname="testxml.ClassB" name="tc07" time="0.002"/>
  <testcase classname="testxml.ClassC" name="tc08" time="0.003"/>
  <testcase classname="testxml.ClassC" name="tc09" time="0.003"/>
  <testcase classname="testxml.ClassA" name="tc01" time="0.004"/>
  <testcase classname="testxml.ClassA" name="tc02" time="0.002"/>
</testsuite> <!-- Execution_Edge -->
