<?xml version="1.0" encoding="UTF-8"?>
<!-- Generated by org.testng.reporters.JUnitXMLReporter -->
<testsuite ignored="0" hostname="DESKTOP-LOJOMDE" failures="0" tests="11" name="Lead" time="0.144" errors="0" timestamp="2025-05-11T16:21:43 IST">
  <testcase classname="testxml.ClassA" name="tc01" time="0.002"/>
  <testcase classname="testxml.ClassA" name="tc02" time="0.005"/>
  <testcase classname="testxml.ClassA" name="tc03" time="0.006"/>
  <testcase classname="testxml.ClassA" name="tc04" time="0.006"/>
  <testcase classname="testxml.ClassB" name="tc05" time="0.008"/>
  <testcase classname="testxml.ClassB" name="tc06" time="0.002"/>
  <testcase classname="testxml.ClassB" name="tc07" time="0.005"/>
  <testcase classname="testxml.ClassC" name="tc08" time="0.004"/>
  <testcase classname="testxml.ClassC" name="tc09" time="0.002"/>
  <testcase classname="testxml.ClassD" name="tc010" time="0.003"/>
  <testcase classname="testxml.ClassD" name="tc011" time="0.003"/>
</testsuite> <!-- Lead -->
