<?xml version="1.0" encoding="UTF-8"?>
<!-- Generated by org.testng.reporters.JUnitXMLReporter -->
<testsuite ignored="3" hostname="DESKTOP-LOJOMDE" failures="0" tests="6" name="sample" time="0.209" errors="0" timestamp="2025-05-11T16:21:42 IST">
  <testcase classname="testxml.ClassA" name="tc02" time="0.033"/>
  <testcase classname="testxml.ClassA" name="tc03" time="0.007"/>
  <testcase classname="testxml.ClassA" name="tc04" time="0.009"/>
  <testcase classname="testxml.ClassB" name="tc06" time="0.006"/>
  <testcase classname="testxml.ClassC" name="tc08" time="0.007"/>
  <testcase classname="testxml.ClassC" name="tc09" time="0.009"/>
  <testcase classname="testxml.ClassA" name="tc01" time="0.0">
    <ignored/>
  </testcase> <!-- tc01 -->
  <testcase classname="testxml.ClassB" name="tc07" time="0.0">
    <ignored/>
  </testcase> <!-- tc07 -->
  <testcase classname="testxml.ClassB" name="tc05" time="0.0">
    <ignored/>
  </testcase> <!-- tc05 -->
</testsuite> <!-- sample -->
