<?xml version="1.0" encoding="UTF-8"?>
<testng-results ignored="0" total="1" passed="1" failed="0" skipped="0">
  <reporter-output>
  </reporter-output>
  <suite started-at="2025-05-27T08:10:41 IST" name="Default suite" finished-at="2025-05-27T08:11:30 IST" duration-ms="48832">
    <groups>
    </groups>
    <test started-at="2025-05-27T08:10:41 IST" name="Default test" finished-at="2025-05-27T08:11:30 IST" duration-ms="48832">
      <class name="com.vtiget.testScript.TicketsTestScript">
        <test-method is-config="true" signature="beforeSuit()[pri:0, instance:com.vtiget.testScript.TicketsTestScript@385c9627]" started-at="2025-05-27T08:10:41 IST" name="beforeSuit" finished-at="2025-05-27T08:10:41 IST" duration-ms="503" status="PASS">
          <reporter-output>
          </reporter-output>
        </test-method> <!-- beforeSuit -->
        <test-method is-config="true" signature="beforeTestCase(java.lang.reflect.Method)[pri:0, instance:com.vtiget.testScript.TicketsTestScript@385c9627]" started-at="2025-05-27T08:10:41 IST" name="beforeTestCase" finished-at="2025-05-27T08:10:44 IST" duration-ms="2528" status="PASS">
          <params>
            <param index="0">
              <value>
                <![CDATA[public void com.vtiget.testScript.TicketsTestScript.tt001CreateNewTicket()]]>
              </value>
            </param>
          </params>
          <reporter-output>
          </reporter-output>
        </test-method> <!-- beforeTestCase -->
        <test-method signature="tt001CreateNewTicket()[pri:0, instance:com.vtiget.testScript.TicketsTestScript@385c9627]" started-at="2025-05-27T08:10:44 IST" name="tt001CreateNewTicket" finished-at="2025-05-27T08:11:30 IST" duration-ms="45948" status="PASS">
          <reporter-output>
          </reporter-output>
        </test-method> <!-- tt001CreateNewTicket -->
        <test-method is-config="true" signature="afterTestCase()[pri:0, instance:com.vtiget.testScript.TicketsTestScript@385c9627]" started-at="2025-05-27T08:11:30 IST" name="afterTestCase" finished-at="2025-05-27T08:11:30 IST" duration-ms="309" status="PASS">
          <reporter-output>
          </reporter-output>
        </test-method> <!-- afterTestCase -->
        <test-method is-config="true" signature="afterSuit()[pri:0, instance:com.vtiget.testScript.TicketsTestScript@385c9627]" started-at="2025-05-27T08:11:30 IST" name="afterSuit" finished-at="2025-05-27T08:11:31 IST" duration-ms="440" status="PASS">
          <reporter-output>
          </reporter-output>
        </test-method> <!-- afterSuit -->
      </class> <!-- com.vtiget.testScript.TicketsTestScript -->
    </test> <!-- Default test -->
  </suite> <!-- Default suite -->
</testng-results>
